#define LDAP_SUCCESS				0x00

#define LDAP_OPERATIONS_ERROR		0x01
#define LDAP_PROTOCOL_ERROR			0x02
#define LDAP_TIMELIMIT_EXCEEDED		0x03
#define LDAP_SIZELIMIT_EXCEEDED		0x04
#define LDAP_COMPARE_FALSE			0x05
#define LDAP_COMPARE_TRUE			0x06
#define LDAP_AUTH_METHOD_NOT_SUPPORTED	0x07
#define LDAP_STRONG_AUTH_REQUIRED	0x08
#define LDAP_PARTIAL_RESULTS		0x09	/* LDAPv2+ (not LDAPv3) */

#define	LDAP_REFERRAL				0x0a /* LDAPv3 */
#define LDAP_ADMINLIMIT_EXCEEDED	0x0b /* LDAPv3 */
#define	LDAP_UNAVAILABLE_CRITICAL_EXTENSION	0x0c /* LDAPv3 */
#define LDAP_CONFIDENTIALITY_REQUIRED	0x0d /* LDAPv3 */
#define	LDAP_SASL_BIND_IN_PROGRESS	0x0e /* LDAPv3 */


#define LDAP_NO_SUCH_ATTRIBUTE		0x10
#define LDAP_UNDEFINED_TYPE			0x11
#define LDAP_INAPPROPRIATE_MATCHING	0x12
#define LDAP_CONSTRAINT_VIOLATION	0x13
#define LDAP_TYPE_OR_VALUE_EXISTS	0x14
#define LDAP_INVALID_SYNTAX			0x15


#define LDAP_NO_SUCH_OBJECT			0x20
#define LDAP_ALIAS_PROBLEM			0x21
#define LDAP_INVALID_DN_SYNTAX		0x22
#define LDAP_IS_LEAF				0x23 /* not LDAPv3 */
#define LDAP_ALIAS_DEREF_PROBLEM	0x24

#define LDAP_X_PROXY_AUTHZ_FAILURE	0x2F /* LDAPv3 proxy authorization */
#define LDAP_INAPPROPRIATE_AUTH		0x30
#define LDAP_INVALID_CREDENTIALS	0x31
#define LDAP_INSUFFICIENT_ACCESS	0x32

#define LDAP_BUSY					0x33
#define LDAP_UNAVAILABLE			0x34
#define LDAP_UNWILLING_TO_PERFORM	0x35
#define LDAP_LOOP_DETECT			0x36


#define LDAP_NAMING_VIOLATION		0x40
#define LDAP_OBJECT_CLASS_VIOLATION	0x41
#define LDAP_NOT_ALLOWED_ON_NONLEAF	0x42
#define LDAP_NOT_ALLOWED_ON_RDN		0x43
#define LDAP_ALREADY_EXISTS			0x44
#define LDAP_NO_OBJECT_CLASS_MODS	0x45
#define LDAP_RESULTS_TOO_LARGE		0x46 /* CLDAP */
#define LDAP_AFFECTS_MULTIPLE_DSAS	0x47

#define LDAP_VLV_ERROR				0x4C

#define LDAP_OTHER					0x50